<?xml version="1.0" encoding="UTF-8"?>
<testsuite name="com.example.studentsdata.StudentServiceTest" tests="5" skipped="0" failures="0" errors="0" timestamp="2023-04-17T19:14:38" hostname="flippy.lan" time="0.019">
  <properties/>
  <testcase name="testCreateStudent()" classname="com.example.studentsdata.StudentServiceTest" time="0.011"/>
  <testcase name="testUpdateStudent()" classname="com.example.studentsdata.StudentServiceTest" time="0.001"/>
  <testcase name="testGetStudents()" classname="com.example.studentsdata.StudentServiceTest" time="0.0"/>
  <testcase name="testDeleteStudent()" classname="com.example.studentsdata.StudentServiceTest" time="0.002"/>
  <testcase name="testGetStudentById()" classname="com.example.studentsdata.StudentServiceTest" time="0.001"/>
  <system-out><![CDATA[2023-04-17 12:14:38.288  INFO 93964 --- [    Test worker] o.s.t.c.s.DefaultTestContextBootstrapper : Neither @ContextConfiguration nor @ContextHierarchy found for test class [com.example.studentsdata.StudentServiceTest], using DelegatingSmartContextLoader
2023-04-17 12:14:38.288  INFO 93964 --- [    Test worker] o.s.t.c.support.AbstractContextLoader    : Could not detect default resource locations for test class [com.example.studentsdata.StudentServiceTest]: no resource found for suffixes {-context.xml}.
2023-04-17 12:14:38.289  INFO 93964 --- [    Test worker] t.c.s.AnnotationConfigContextLoaderUtils : Could not detect default configuration classes for test class [com.example.studentsdata.StudentServiceTest]: StudentServiceTest does not declare any static, non-private, non-final, nested classes annotated with @Configuration.
2023-04-17 12:14:38.290  INFO 93964 --- [    Test worker] o.s.t.c.s.DefaultTestContextBootstrapper : Loaded default TestExecutionListener class names from location [META-INF/spring.factories]: [org.springframework.boot.test.autoconfigure.restdocs.RestDocsTestExecutionListener, org.springframework.boot.test.autoconfigure.web.client.MockRestServiceServerResetTestExecutionListener, org.springframework.boot.test.autoconfigure.web.servlet.MockMvcPrintOnlyOnFailureTestExecutionListener, org.springframework.boot.test.autoconfigure.web.servlet.WebDriverTestExecutionListener, org.springframework.boot.test.autoconfigure.webservices.client.MockWebServiceServerTestExecutionListener, org.springframework.boot.test.mock.mockito.MockitoTestExecutionListener, org.springframework.boot.test.mock.mockito.ResetMocksTestExecutionListener, org.springframework.test.context.web.ServletTestExecutionListener, org.springframework.test.context.support.DirtiesContextBeforeModesTestExecutionListener, org.springframework.test.context.event.ApplicationEventsTestExecutionListener, org.springframework.test.context.support.DependencyInjectionTestExecutionListener, org.springframework.test.context.support.DirtiesContextTestExecutionListener, org.springframework.test.context.transaction.TransactionalTestExecutionListener, org.springframework.test.context.jdbc.SqlScriptsTestExecutionListener, org.springframework.test.context.event.EventPublishingTestExecutionListener]
2023-04-17 12:14:38.290  INFO 93964 --- [    Test worker] o.s.t.c.s.DefaultTestContextBootstrapper : Using TestExecutionListeners: [org.springframework.test.context.web.ServletTestExecutionListener@347b370c, org.springframework.test.context.support.DirtiesContextBeforeModesTestExecutionListener@26aee0a6, org.springframework.test.context.event.ApplicationEventsTestExecutionListener@20184ade, org.springframework.boot.test.mock.mockito.MockitoTestExecutionListener@35fb3209, org.springframework.test.context.support.DependencyInjectionTestExecutionListener@5855b0ed, org.springframework.test.context.support.DirtiesContextTestExecutionListener@92fd091, org.springframework.test.context.transaction.TransactionalTestExecutionListener@6b0325d0, org.springframework.test.context.jdbc.SqlScriptsTestExecutionListener@70439c3, org.springframework.test.context.event.EventPublishingTestExecutionListener@72a33316, org.springframework.boot.test.autoconfigure.restdocs.RestDocsTestExecutionListener@57fce8b, org.springframework.boot.test.autoconfigure.web.client.MockRestServiceServerResetTestExecutionListener@77204651, org.springframework.boot.test.autoconfigure.web.servlet.MockMvcPrintOnlyOnFailureTestExecutionListener@51cca357, org.springframework.boot.test.autoconfigure.web.servlet.WebDriverTestExecutionListener@3a9c11fb, org.springframework.boot.test.autoconfigure.webservices.client.MockWebServiceServerTestExecutionListener@416c8bb5, org.springframework.boot.test.mock.mockito.ResetMocksTestExecutionListener@340b4f07]
]]></system-out>
  <system-err><![CDATA[]]></system-err>
</testsuite>
